[debug] [2020-03-13T14:36:53.738Z] ----------------------------------------------------------------------
[debug] [2020-03-13T14:36:53.740Z] Command:       /usr/local/Cellar/node/12.10.0/bin/node /usr/local/bin/firebase serve
[debug] [2020-03-13T14:36:53.741Z] CLI Version:   7.14.0
[debug] [2020-03-13T14:36:53.741Z] Platform:      darwin
[debug] [2020-03-13T14:36:53.741Z] Node Version:  v12.10.0
[debug] [2020-03-13T14:36:53.742Z] Time:          Fri Mar 13 2020 14:36:53 GMT+0000 (Greenwich Mean Time)
[debug] [2020-03-13T14:36:53.742Z] ----------------------------------------------------------------------
[debug] [2020-03-13T14:36:53.742Z] 
[debug] [2020-03-13T14:36:53.755Z] > command requires scopes: ["email","openid","https://www.googleapis.com/auth/cloudplatformprojects.readonly","https://www.googleapis.com/auth/firebase","https://www.googleapis.com/auth/cloud-platform"]
[debug] [2020-03-13T14:36:53.756Z] > authorizing via signed-in user
[debug] [2020-03-13T14:36:53.756Z] [iam] checking project rundat-e0a41 for permissions ["firebase.projects.get"]
[debug] [2020-03-13T14:36:53.758Z] >>> HTTP REQUEST POST https://cloudresourcemanager.googleapis.com/v1/projects/rundat-e0a41:testIamPermissions  

[debug] [2020-03-13T14:36:54.636Z] <<< HTTP RESPONSE 200
[debug] [2020-03-13T14:36:54.639Z] >>> HTTP REQUEST GET https://firebase.googleapis.com/v1beta1/projects/rundat-e0a41  
 
[debug] [2020-03-13T14:36:54.924Z] <<< HTTP RESPONSE 200
[info] 
[info] === Serving from '/Users/yousef/codeclan_work/run_dat'...
[info] 
[warn] ⚠  Your requested "node" version "8" doesn't match your global version "12"
[info] ✔  functions: functions emulator started at http://localhost:5000
[info] i  functions: Watching "/Users/yousef/codeclan_work/run_dat/functions" for Cloud Functions...
[debug] [2020-03-13T14:36:54.983Z] [worker-pool] addWorker(~diagnostic~)
[debug] [2020-03-13T14:36:54.983Z] [worker-pool] Adding worker with key ~diagnostic~, total=1
[debug] [2020-03-13T14:36:54.983Z] [worker-pool] submitWork(triggerId=)
[debug] [2020-03-13T14:36:54.984Z] [worker-~diagnostic~-a56d98e6-b6fd-42fb-93e8-72464e12d455]: Assigning socketPath: /var/folders/v5/xxq7ynr55b74x4jsxdx_kbxw0000gn/T/fire_emu_66674.sock
[debug] [2020-03-13T14:36:54.984Z] [worker-~diagnostic~-a56d98e6-b6fd-42fb-93e8-72464e12d455]: BUSY
[debug] [2020-03-13T14:36:55.344Z] [runtime-status] [66674] Functions runtime initialized. {"cwd":"/Users/yousef/codeclan_work/run_dat/functions","node_version":"12.10.0"}
[debug] [2020-03-13T14:36:55.345Z] [runtime-status] [66674] Disabled runtime features: {"functions_config_helper":true,"network_filtering":true,"timeout":true,"memory_limiting":true,"admin_stubs":true,"pubsub_emulator":true}
[debug] [2020-03-13T14:36:55.347Z] [runtime-status] [66674] Resolved module firebase-admin {"declared":true,"installed":true,"version":"8.10.0","resolution":"/Users/yousef/codeclan_work/run_dat/functions/node_modules/firebase-admin/lib/index.js"}
[debug] [2020-03-13T14:36:55.348Z] [runtime-status] [66674] Resolved module firebase-functions {"declared":true,"installed":true,"version":"3.3.0","resolution":"/Users/yousef/codeclan_work/run_dat/functions/node_modules/firebase-functions/lib/index.js"}
[debug] [2020-03-13T14:36:55.349Z] [runtime-status] [66674] Resolved module firebase-functions {"declared":true,"installed":true,"version":"3.3.0","resolution":"/Users/yousef/codeclan_work/run_dat/functions/node_modules/firebase-functions/lib/index.js"}
[info] ✔  functions[getRunningData]: http function initialized (http://localhost:5000/rundat-e0a41/us-central1/getRunningData).
[info] ✔  functions[createRunningData]: http function initialized (http://localhost:5000/rundat-e0a41/us-central1/createRunningData).
[debug] [2020-03-13T14:36:55.530Z] [worker-~diagnostic~-a56d98e6-b6fd-42fb-93e8-72464e12d455]: IDLE
[debug] [2020-03-13T14:37:06.693Z] [work-queue] {"queueLength":1,"workRunningCount":0}
[debug] [2020-03-13T14:37:06.693Z] [work-queue] {"queueLength":0,"workRunningCount":1}
[debug] [2020-03-13T14:37:06.694Z] Accepted request GET /rundat-e0a41/us-central1/getRunningData --> getRunningData
[debug] [2020-03-13T14:37:06.699Z] [worker-pool] addWorker(getRunningData)
[debug] [2020-03-13T14:37:06.699Z] [worker-pool] Adding worker with key getRunningData, total=1
[debug] [2020-03-13T14:37:06.699Z] [worker-pool] submitWork(triggerId=getRunningData)
[debug] [2020-03-13T14:37:06.700Z] [worker-getRunningData-40979db9-5dda-4c0e-9321-fd499064863e]: Assigning socketPath: /var/folders/v5/xxq7ynr55b74x4jsxdx_kbxw0000gn/T/fire_emu_66683.sock
[debug] [2020-03-13T14:37:06.700Z] [worker-getRunningData-40979db9-5dda-4c0e-9321-fd499064863e]: BUSY
[debug] [2020-03-13T14:37:06.941Z] [runtime-status] [66683] Functions runtime initialized. {"cwd":"/Users/yousef/codeclan_work/run_dat/functions","node_version":"12.10.0"}
[debug] [2020-03-13T14:37:06.943Z] [runtime-status] [66683] Disabled runtime features: {"functions_config_helper":true,"network_filtering":true,"timeout":true,"memory_limiting":true,"admin_stubs":true,"pubsub_emulator":true}
[debug] [2020-03-13T14:37:06.945Z] [runtime-status] [66683] Resolved module firebase-admin {"declared":true,"installed":true,"version":"8.10.0","resolution":"/Users/yousef/codeclan_work/run_dat/functions/node_modules/firebase-admin/lib/index.js"}
[debug] [2020-03-13T14:37:06.947Z] [runtime-status] [66683] Resolved module firebase-functions {"declared":true,"installed":true,"version":"3.3.0","resolution":"/Users/yousef/codeclan_work/run_dat/functions/node_modules/firebase-functions/lib/index.js"}
[debug] [2020-03-13T14:37:06.947Z] [runtime-status] [66683] Resolved module firebase-functions {"declared":true,"installed":true,"version":"3.3.0","resolution":"/Users/yousef/codeclan_work/run_dat/functions/node_modules/firebase-functions/lib/index.js"}
[debug] [2020-03-13T14:37:07.084Z] [runtime-status] [66683] Trigger "getRunningData" has been found, beginning invocation!
[info] i  functions: Beginning execution of "getRunningData"
[debug] [2020-03-13T14:37:07.085Z] [runtime-status] [66683] triggerDefinition {"httpsTrigger":{},"name":"getRunningData","entryPoint":"getRunningData"}
[debug] [2020-03-13T14:37:07.085Z] [runtime-status] [66683] Running getRunningData in mode HTTPS
[debug] [2020-03-13T14:37:07.088Z] [runtime-status] [66683] Attempting to listen to socketPath: /var/folders/v5/xxq7ynr55b74x4jsxdx_kbxw0000gn/T/fire_emu_66683.sock
[debug] [2020-03-13T14:37:07.093Z] [functions] Runtime ready! Sending request!
[debug] [2020-03-13T14:37:07.109Z] [runtime-status] [66683] Ephemeral server handling GET request
[debug] [2020-03-13T14:37:07.700Z] [runtime-status] [66683] Ephemeral server survived.
[info] i  functions: Finished "getRunningData" in ~1s
[debug] [2020-03-13T14:37:08.226Z] [worker-getRunningData-40979db9-5dda-4c0e-9321-fd499064863e]: IDLE
[debug] [2020-03-13T14:37:08.226Z] [work-queue] {"queueLength":0,"workRunningCount":0}
